2016-08-03 05:41:18 updIndexType.php cValue:0
2016-08-03 05:41:19 updIndexType.php cValue:1
2016-08-03 05:42:37 updIndexType.php cValue:0
2016-08-03 05:49:19 updIndexType.php cValue:1
2016-08-03 07:28:29 updIndexType.php cValue:1
2016-08-04 11:23:22 updIndexData.php rdo_Type:1 rdo_Show:0
2016-08-04 11:23:40 updIndexData.php rdo_Type:0 rdo_Show:1
2016-08-04 11:24:19 updIndexData.php rdo_Type:1 rdo_Show:1
2016-08-05 04:25:56 updIndexData.php rdo_Type:0 rdo_Show:0
2016-08-05 04:26:42 updIndexData.php rdo_Type:0 rdo_Show:0
2016-08-05 04:29:33 updIndexData.php rdo_Type:0 rdo_Show:0
2016-08-05 05:00:30 updIndexData.php rdo_Type:1 rdo_Show:1
2016-08-05 05:00:37 updIndexData.php rdo_Type:1 rdo_Show:1
2016-08-05 05:01:18 updIndexData.php rdo_Type:1 rdo_Show:1
2016-08-05 05:02:51 updIndexData.php rdo_Type:1 rdo_Show:1
2016-08-05 05:02:56 updIndexData.php rdo_Type:1 rdo_Show:1
2016-08-05 05:03:27 updIndexData.php rdo_Type:1 rdo_Show:1
2016-08-05 05:03:28 updIndexData.php rdo_Type:1 rdo_Show:1
2016-08-05 05:03:28 updIndexData.php rdo_Type:1 rdo_Show:1
2016-08-05 05:03:29 updIndexData.php rdo_Type:1 rdo_Show:1
2016-08-05 05:03:29 updIndexData.php rdo_Type:1 rdo_Show:1
2016-08-05 05:03:29 updIndexData.php rdo_Type:1 rdo_Show:1
2016-08-05 05:03:29 updIndexData.php rdo_Type:1 rdo_Show:1
2016-08-05 05:03:29 updIndexData.php rdo_Type:1 rdo_Show:1
2016-08-05 05:03:51 updIndexData.php rdo_Type:1 rdo_Show:1
2016-08-05 05:04:08 updIndexData.php rdo_Type:1 rdo_Show:1
2016-08-05 05:04:09 updIndexData.php rdo_Type:1 rdo_Show:1
2016-08-05 05:04:09 updIndexData.php rdo_Type:1 rdo_Show:1
2016-08-05 05:04:10 updIndexData.php rdo_Type:1 rdo_Show:1
2016-08-05 05:04:25 updIndexData.php rdo_Type:1 rdo_Show:1
2016-08-05 05:04:25 updIndexData.php rdo_Type:1 rdo_Show:1
2016-08-05 05:04:26 updIndexData.php rdo_Type:1 rdo_Show:1
2016-08-05 05:04:33 updIndexData.php rdo_Type:1 rdo_Show:1
2016-08-05 05:04:34 updIndexData.php rdo_Type:1 rdo_Show:1
2016-08-05 05:06:07 updIndexData.php rdo_Type:1 rdo_Show:1
2016-08-05 05:06:30 updIndexData.php rdo_Type:1 rdo_Show:1
2016-08-05 05:11:11 updIndexData.php rdo_Type:1 rdo_Show:1
2016-08-05 05:12:08 updIndexData.php rdo_Type:1 rdo_Show:1
2016-08-05 05:15:49 updIndexData.php rdo_Type:1 rdo_Show:1
2016-08-05 05:16:55 updIndexData.php rdo_Type:1 rdo_Show:1
2016-08-05 05:18:08 updIndexData.php rdo_Type:1 rdo_Show:1
2016-08-05 05:18:45 updIndexData.php rdo_Type:1 rdo_Show:1
2016-08-05 07:50:33 updIndexData.php rdo_Type:1 rdo_Show:1
2016-08-05 07:51:13 updIndexData.php rdo_Type:1 rdo_Show:1
2016-08-05 07:52:52 updIndexData.php rdo_Type:1 rdo_Show:1
2016-08-05 07:53:35 updIndexData.php rdo_Type:1 rdo_Show:1
2016-08-05 07:59:04 updIndexData.php rdo_Type:1 rdo_Show:1
2016-08-05 08:03:01 updIndexData.php rdo_Type:1 rdo_Show:1
2016-08-05 08:13:02 updIndexData.php rdo_Type:1 rdo_Show:1
2016-08-05 08:13:25 updIndexData.php rdo_Type:1 rdo_Show:1
2016-08-05 08:15:26 updIndexData.php rdo_Type:1 rdo_Show:1
2016-08-05 08:15:39 updIndexData.php rdo_Type:1 rdo_Show:1
2016-08-05 08:15:58 updIndexData.php rdo_Type:1 rdo_Show:1
2016-08-05 08:16:17 updIndexData.php rdo_Type:1 rdo_Show:1
2016-08-05 08:19:17 updIndexData.php rdo_Type:1 rdo_Show:1
2016-08-05 08:20:27 updIndexData.php rdo_Type:1 rdo_Show:1
2016-08-05 08:28:12 updIndexData.php rdo_Type:1 rdo_Show:1
2016-08-05 08:30:03 updIndexData.php rdo_Type:1 rdo_Show:1
2016-08-05 08:33:54 updIndexData.php rdo_Type:1 rdo_Show:1
2016-08-05 08:37:24 updIndexData.php rdo_Type:1 rdo_Show:1
2016-08-05 09:11:27 updIndexData.php rdo_Type:1 rdo_Show:1
2016-08-05 09:18:51 updIndexData.php rdo_Type:1 rdo_Show:1
2016-08-05 09:23:58 updIndexData.php rdo_Type:1 rdo_Show:1
2016-08-05 09:41:57 updIndexData.php rdo_Type:1 rdo_Show:1
2016-08-07 09:34:10 updIndexData.php rdo_Type: rdo_Show:
2016-08-25 18:13:45 updIndexData.php rdo_Type:0 rdo_Show:1
2016-08-25 18:14:20 updIndexData.php rdo_Type:0 rdo_Show:1
2016-08-26 04:03:50 updIndexData.php rdo_Type:0 rdo_Show:1
2016-08-26 04:05:22 updIndexData.php rdo_Type:0 rdo_Show:1
2016-08-26 04:08:01 updIndexData.php rdo_Type:0 rdo_Show:1
2016-08-26 04:20:38 updIndexData.php rdo_Type:0 rdo_Show:1
2016-08-26 04:41:20 updIndexData.php rdo_Type:0 rdo_Show:1
2016-08-26 04:42:27 updIndexData.php rdo_Type:0 rdo_Show:1
2016-09-05 10:20:25 updIndexData.php Query:DELETE FROM moci_client WHERE id = '65';
2016-09-05 10:20:25 updIndexData.php Query:DELETE FROM moci_client WHERE id = '65';; ID:
2016-09-05 10:21:12 updIndexData.php Query:INSERT INTO moci_client (cType, cHomeView, cNameTW,cNameEN,cNameCN,cIntroTW,cIntroEN,cIntroCN,cPath,cLogoPath,cColor,cEnable,cSort) VALUES ('1', '0', N'Jacky-Test1','Jacky-Test1',N'Jacky-Test1',N'Jacky-Test1','Jacky-Test1',N'Jacky-Test1','','','#ffffff','1','45');
2016-09-05 10:21:12 updIndexData.php Query:INSERT INTO moci_client (cType, cHomeView, cNameTW,cNameEN,cNameCN,cIntroTW,cIntroEN,cIntroCN,cPath,cLogoPath,cColor,cEnable,cSort) VALUES ('1', '0', N'Jacky-Test1','Jacky-Test1',N'Jacky-Test1',N'Jacky-Test1','Jacky-Test1',N'Jacky-Test1','','','#ffffff','1','45');; ID:6
2016-09-05 10:21:52 updIndexData.php Query:DELETE FROM moci_client WHERE id = '66';
2016-09-05 10:21:52 updIndexData.php Query:DELETE FROM moci_client WHERE id = '66';; ID:
2016-09-05 10:22:26 updIndexData.php Query:INSERT INTO moci_client (cType, cHomeView, cNameTW,cNameEN,cNameCN,cIntroTW,cIntroEN,cIntroCN,cPath,cLogoPath,cColor,cEnable,cSort) VALUES ('1', '0', N'Jacky-Test1','Jacky-Test1',N'Jacky-Test1',N'Jacky-Test1','Jacky-Test1',N'Jacky-Test1','','','#ffffff','1','45');
2016-09-05 10:22:27 updIndexData.php Query:INSERT INTO moci_client (cType, cHomeView, cNameTW,cNameEN,cNameCN,cIntroTW,cIntroEN,cIntroCN,cPath,cLogoPath,cColor,cEnable,cSort) VALUES ('1', '0', N'Jacky-Test1','Jacky-Test1',N'Jacky-Test1',N'Jacky-Test1','Jacky-Test1',N'Jacky-Test1','','','#ffffff','1','45');; ID:6
